------------------------------------------------------Depression Detection with audio and visual data, ConvBiLSTM, PHQ-Subscores, Fusion-Sub-Attention, KLDivLoss, ASAM------------------------------------------------------
Epoch: 0  Current Best Test for f1-score: 0 at epoch 0
Epoch: 0  Current Best Test for accuracy: 0 at epoch 0
  End of test:
  | time:    4.974s | LR: 0.001000 | Average Loss:      nan | Accuracy: 82.04% (402/490) |
  Output Scores:
  - Confusion Matrix:
    -----------------------
    | TP:   61 | FP:   15 |
    -----------------------
    | FN:   73 | TN:  341 |
    -----------------------
  - Classification:
      TPR/Sensitivity: 0.4552
      TNR/Specificity: 0.9579
      Precision: 0.8026
      Recall: 0.4552
      F1-score: 0.5810
  - Regression:
      MAE:  4.8061
      MSE: 41.3939
      RMSE:  6.4338
      R2: -0.2568

  - Correlation:
      Spearman correlation: 0.271730

Gender Analysis based on clips:
  Female - Number of clips: 284, depressed: 79, non-depressed: 205
    - Confusion Matrix ( acc: 81.34% (231/284) ):
      -----------------------
      | TP:   41 | FP:   15 |
      -----------------------
      | FN:   38 | TN:  190 |
      -----------------------
  - Classification:
      TPR/Sensitivity: 0.5190
      TNR/Specificity: 0.9268
      Precision: 0.7321
      Recall: 0.5190
      F1-score: 0.6074
  Male - Number of clips: 206, depressed: 55, non-depressed: 151
    - Confusion Matrix ( acc: 83.01% (171/206) ):
      -----------------------
      | TP:   20 | FP:    0 |
      -----------------------
      | FN:   35 | TN:  151 |
      -----------------------

  - Classification:
      TPR/Sensitivity: 0.3636
      TNR/Specificity: 1.0000
      Precision: 1.0000
      Recall: 0.3636
      F1-score: 0.5333
Participant Analysis:
   Binary GT of Participants: [0, 0, 0, 1, 1, 1, 0, 0, 0, 1, 0, 1, 0, 1, 1, 0, 1, 0, 0, 1, 0, 0, 0, 1, 0, 0, 1, 0, 1, 0, 0, 0, 0, 0, 0, 0, 0, 1, 1, 0, 0, 0, 0, 0, 0, 0, 0]
  Prediction of Participants: [0, 0, 0, 0, 0, 1, 0, 0, 0, 1, 0, 1, 0, 0, 0, 0, 1, 0, 0, 0, 0, 0, 0, 0, 0, 0, 0, 0, 0, 0, 0, 0, 0, 0, 0, 0, 0, 1, 0, 0, 0, 0, 0, 0, 0, 0, 0]
    - Confusion Matrix ( acc: 80.85% (38/47) ):
      -----------------------
      | TP:    5 | FP:    0 |
      -----------------------
      | FN:    9 | TN:   33 |
      -----------------------

  - Classification:
      TPR/Sensitivity: 0.3571
      TNR/Specificity: 1.0000
      Precision: 1.0000
      Recall: 0.3571
      F1-score: 0.5263
Participant gender Analysis:
  Female - Number of participants: 24, depressed: 7, non-depressed: 17
    - Confusion Matrix ( acc: 83.33% (20/24) ):
      -----------------------
      | TP:    3 | FP:    0 |
      -----------------------
      | FN:    4 | TN:   17 |
      -----------------------

  - Classification:
      TPR/Sensitivity: 0.4286
      TNR/Specificity: 1.0000
      Precision: 1.0000
      Recall: 0.4286
      F1-score: 0.6000
  Male - Number of participants: 23, depressed: 7, non-depressed: 16
    - Confusion Matrix ( acc: 78.26% (18/23) ):
      -----------------------
      | TP:    2 | FP:    0 |
      -----------------------
      | FN:    5 | TN:   16 |
      -----------------------

  - Classification:
      TPR/Sensitivity: 0.2857
      TNR/Specificity: 1.0000
      Precision: 1.0000
      Recall: 0.2857
      F1-score: 0.4444
